20231002	14:54:59	e453aa24-f224-4ee2-8b7f-c903dfd7a403	GET	/api/v1/users	undefined
20231002	15:25:41	1710db4b-5127-44e2-978a-1e793bd9e7cc	GET	/api/v1/33d	undefined
20231002	15:25:49	f8d70e36-2e3f-4e5b-b251-923f9751405f	GET	/api/v1/users	undefined
20231002	15:28:16	0dc41cb9-cd5c-4cd6-be56-2e7f5c6476cd	POST	/api/v1/users	undefined
20231002	15:30:00	265edabd-4a05-4082-8f9b-4a2803f58d60	GET	/api/v1/users	undefined
20231002	15:30:08	3b33b914-bd64-4bea-9611-dc3d439c065a	GET	/api/v1/users	undefined
20231002	15:31:37	158cf2c4-9572-4c94-820c-15e41862a550	GET	/api/v1/users	undefined
20231002	15:32:02	36b568ec-910b-4462-8e04-2aca5dc29fdf	POST	/api/v1/users	undefined
20231002	15:33:51	5804a361-6481-4e94-b574-20fdd535fc70	GET	/api/v1/users	undefined
20231002	15:34:26	66d33d51-60a6-47d4-9cb2-b5f1f7ed5620	GET	/api/v1/users	undefined
20231002	15:34:28	e6f9f155-b40e-4672-bb47-fc36c7617d40	GET	/api/v1/users	undefined
20231002	15:35:02	ad46d4e5-1a0c-452b-9588-65e423148deb	GET	/api/v1/users	undefined
20231002	15:35:42	df42df66-a300-4794-a916-b1b161aaffd0	GET	/api/v1/users	undefined
20231002	15:47:00	9bdd4d9a-0e26-4a58-a257-7091f068a484	GET	/api/v1/users	undefined
20231002	15:47:35	9461337e-0a4f-4f80-af53-b75c57d3a119	GET	/api/v1/users	undefined
20231002	15:47:49	938ada40-b933-4868-9a03-e91b2bc298cf	GET	/api/v1/users	undefined
20231002	15:50:37	e620205d-0637-48ec-94d6-32fe23ac9844	GET	/api/v1/users	undefined
20231002	15:53:40	9110db93-dbc1-4abb-9df1-9a89e45684ed	GET	/api/v1/users	undefined
20231002	16:00:52	f6fd1357-0621-41b3-9c91-f41366d16b7f	POST	/api/v1/auth	undefined
20231002	16:02:26	2d998f0e-2bbc-47c5-ba8f-c6714cfec8bd	POST	/api/v1/users	undefined
20231002	16:02:35	bd0e32af-4d5c-409b-b49f-a692524f902f	POST	/api/v1/users	undefined
20231002	16:02:52	bc3f97c4-cfa8-4280-a4e6-c75750a93561	POST	/api/v1/auth	undefined
20231002	16:03:52	cc74b0b9-2abb-4cd9-95fe-6d35ce9c0d3a	GET	/api/v1/	undefined
20231002	16:03:57	68324652-b6bf-442e-bfdd-d976f590a95e	GET	/api/v1/users	undefined
20231002	16:10:08	6144b49b-0510-4596-bee7-c42b6ab35d14	GET	/api/v1/users	undefined
20231002	16:21:53	7b745df0-fe83-492c-9f17-11a42f93dccb	POST	/api/v1/users	undefined
20231002	16:22:10	59ca93a9-9546-408f-8917-4857c33364d5	GET	/api/v1/users	undefined
20231002	16:22:20	c6f20c2b-054c-4973-8222-33472428a0bb	POST	/api/v1/users	undefined
20231002	16:23:07	808b7337-7c9f-4ed3-af88-c74eaa40ee03	POST	/api/v1/users	undefined
20231002	16:24:10	b372815b-c91a-4560-b419-89c2fdd7b40e	POST	/api/v1/users	undefined
20231002	16:24:57	2ead1669-7d16-4715-bbf2-ee3894da88c0	POST	/api/v1/users	undefined
20231002	16:25:30	eb974604-f208-4853-bc8e-f7f170f2ef45	POST	/api/v1/users	undefined
20231002	16:25:40	c487b874-0141-409d-bbad-77805f667a2f	GET	/api/v1/users	undefined
20231002	16:28:56	abf7cc6c-7ce2-4308-b260-c9d16a3ee2cf	POST	/api/v1/auth	undefined
20231002	16:29:21	f7ae306c-09ba-424e-baf5-8a9f83aa46e8	POST	/api/v1/auth	undefined
20231002	16:30:08	9d0887da-b5f7-4784-880f-222a924dff18	POST	/api/v1/auth	undefined
20231002	16:30:48	dd791344-b3d8-4209-8215-53960115e42e	POST	/api/v1/auth	undefined
20231002	16:31:36	a43bce8f-75d2-4e34-88fc-d29db339d6ff	POST	/api/v1/auth	undefined
20231002	16:35:51	6d6b9f89-204b-4608-bf94-8813dfdc8ea4	GET	/api/v1/auth/refresh	undefined
20231002	16:36:49	d66f967a-7bf2-4fad-a647-cd3ebbee0ec5	GET	/api/v1/auth/refresh	undefined
20231002	16:37:06	958533f1-8b03-4014-bd96-1f2f1767637d	GET	/api/v1/auth/refresh	undefined
20231002	16:37:51	1ccf0127-7e4e-4fc5-a889-2818ddfbc43d	POST	/api/v1/auth/logout	undefined
20231002	16:38:08	38829ed4-8422-44aa-866b-476e1807a49d	POST	/api/v1/auth	undefined
20231002	16:39:06	9e73d4e9-6ee4-4f12-886b-0d9e1591fa75	GET	/api/v1/users	undefined
20231005	11:07:59	528c933b-af8e-4ec1-b39a-85f6a8816a9c	GET	/api/v1/users	undefined
20231005	11:08:08	4f67314f-631d-4037-ae06-5c12cdcf7358	GET	/api/v1/users	undefined
20231005	11:09:13	bb2b6736-66d9-4506-bb37-fb16915ae054	GET	/api/v1/users	undefined
20231005	12:06:27	4d9a4d49-b3e8-4231-bb5f-447e7620b6e2	GET	/api/v1/users	undefined
20231005	12:09:20	6162cf0b-5d80-4d9f-bf15-a49c9de4b30b	GET	/api/v1/users	undefined
20231005	12:23:23	3410ce30-7524-4584-b21a-e00909b08827	GET	/api/v1/users	http://localhost:3000
20231005	12:23:24	18f603a6-0bd8-44fb-84a9-e814b2c71afd	GET	/api/v1/users	http://localhost:3000
20231005	12:23:29	d4b2e010-a69f-428c-a71b-9b867a3eaa69	GET	/api/v1/users	http://localhost:3000
20231005	12:24:56	54b14c9d-2419-46e9-9a17-317a7e2b9fa7	GET	/api/v1/auth	undefined
20231005	12:25:01	39cbb8b1-3ca4-4300-a05c-aa1ab4527b84	POST	/api/v1/auth	undefined
20231005	12:25:12	963d8f0e-dcd9-4b3a-9e18-a0725cc6e335	GET	/api/v1/users	undefined
20231005	12:25:29	f46f6b9d-64e6-436d-b26a-4cf99580e33a	GET	/api/v1/users	undefined
20231005	12:25:38	c0673c0f-c433-4414-82bb-a879fbabd857	GET	/api/v1/users	http://localhost:3000
20231005	12:27:32	847b110b-7ce3-4295-a9bd-5992860bb3f1	GET	/api/v1/users	http://localhost:3000
20231005	12:27:48	22c0b155-c2c0-4058-95f9-f85c730eb3a9	GET	/api/v1/users	http://localhost:3000
20231005	12:28:12	a8d2439c-2f47-4a93-a724-b11b79287712	GET	/api/v1/users	http://localhost:3000
20231005	12:28:14	4ef18f9f-22a1-454a-ad0d-5a69cc4ac452	GET	/api/v1/users	http://localhost:3000
20231005	12:28:42	57d76d0b-2233-4eed-904a-bff597dde6d8	GET	/api/v1/users	http://localhost:3000
20231005	12:29:09	48e8efac-12f7-4579-936b-171eb4efce28	GET	/api/v1/users	http://localhost:3000
20231005	12:29:26	08ab4b76-0bdf-40b1-9c4a-114ae296c2cb	GET	/api/v1/users	http://localhost:3000
20231005	12:29:32	1609314a-8edb-42e1-8e1f-1132523d0653	GET	/api/v1/users	http://localhost:3000
20231005	12:29:45	216109df-652a-472d-8f71-e9c361dccb71	GET	/api/v1/users	http://localhost:3000
20231005	12:30:40	8a569d95-4704-467b-aa96-3e6af4860081	GET	/api/v1/users	http://localhost:3000
20231005	12:30:42	3b8b3c23-b96b-4578-a6f3-313c2131dfa8	GET	/api/v1/users	http://localhost:3000
20231005	12:31:05	7faba7cd-3da2-487a-a1d3-9dcb6c6b23ff	GET	/api/v1/users	http://localhost:3000
20231005	12:31:07	b5ceea16-5096-4c43-8805-418bf2ebad0c	GET	/api/v1/users	http://localhost:3000
20231005	12:31:42	35a3aa3d-0962-4183-b569-b17931e6fb4d	GET	/api/v1/users	http://localhost:3000
20231005	12:32:20	061c6c29-af23-4ba0-9dc2-36bed5cd8a87	GET	/api/v1/users	http://localhost:3000
20231005	12:32:28	1b9e2dbc-66b0-4fcb-bceb-4d58918707ed	GET	/api/v1/users	http://localhost:3000
20231005	12:35:19	70f5b7b1-fa80-4daf-a450-70f763d11e0c	GET	/api/v1/users	http://localhost:3000
20231005	12:35:33	ee223260-dc2e-4224-aa27-4f327094e279	GET	/api/v1/users	http://localhost:3000
20231005	12:35:41	8fb583c6-d2c7-47db-9e09-e3c41f7b9e95	GET	/api/v1/users	http://localhost:3000
20231005	12:35:42	e6b032f3-3d6b-4132-a7a2-4ab36c682e75	GET	/api/v1/users	http://localhost:3000
20231005	12:35:49	d797c63b-6593-4d76-b6bd-95f86e5de53c	GET	/api/v1/users	http://localhost:3000
20231005	12:35:50	c9e83ecd-6f90-4533-9655-6dcab4230396	GET	/api/v1/users	http://localhost:3000
20231005	12:38:42	c05f33ba-4829-43fb-945d-cbd66d7fd2ac	GET	/api/v1/users	http://localhost:3000
20231005	12:38:53	52e4b103-f12c-42cb-9f21-7ecf872cfe01	GET	/api/v1/users	http://localhost:3000
20231005	12:39:47	3662d7ce-5d92-4fb5-84fe-4c51195fb923	GET	/api/v1/users	http://localhost:3000
20231005	12:40:21	d28fc6d7-94b5-4cc1-9880-389eb47e5036	GET	/api/v1/users	http://localhost:3000
20231005	12:40:58	b46d959e-59af-4590-a9a3-80452a2018af	GET	/api/v1/users	http://localhost:3000
20231005	12:43:56	dfda8d1b-d0d2-4620-b8a3-5b059991a63c	GET	/api/v1/users	http://localhost:3000
20231005	12:46:33	40b9ff49-7122-4ec9-9cf0-ec9faa8dba6c	GET	/api/v1/users	http://localhost:3000
20231005	12:47:49	fdfc8ad8-6aa5-4f0d-81d0-4db1c2afbbf1	POST	/api/v1/users	undefined
20231005	12:48:24	9a08a9b4-d532-43b0-8bbf-1b7a7dbd292f	POST	/api/v1/users	undefined
20231005	12:50:54	f8222660-f60a-4614-a777-0e26b7a26c56	POST	/api/v1/users	undefined
20231005	12:51:02	87fe6b78-2969-48e2-84fc-ba2b00e98cb0	POST	/api/v1/users	undefined
20231005	12:51:08	22715461-8583-4602-abf2-44c764660da6	POST	/api/v1/users	undefined
20231005	12:51:13	601bd26d-7e08-4634-bbff-0d3c0fdbb082	POST	/api/v1/users	undefined
20231005	12:51:31	8c29b092-746c-4cf2-95e9-4d0ed7aa34ee	POST	/api/v1/users	undefined
20231005	12:52:05	ea371ddf-3763-4cf4-b67a-1ca71b64ec3a	POST	/api/v1/users	undefined
20231005	12:54:56	a6f71c50-ea5e-4f2b-9ef3-848ed9effe21	POST	/api/v1/users	undefined
20231005	12:55:03	edd9d084-7da9-4e09-87e9-0ce1be9b5908	POST	/api/v1/users	undefined
20231005	12:55:09	64541743-aa63-4be0-b76c-933011f589b3	POST	/api/v1/users	undefined
20231005	12:55:56	d447d1ed-97c8-433f-98e0-36beeffa2a6d	POST	/api/v1/users	undefined
20231005	12:55:59	cd3ca6e2-3162-4f3c-9be8-293a31a6a055	POST	/api/v1/users	undefined
20231005	12:56:06	38d38a48-371b-4a4d-b1f3-c24367ed13d9	GET	/api/v1/users	undefined
20231005	12:56:12	fbb84a85-32d4-49e7-a39d-eb6f1d1f9370	GET	/api/v1/users	http://localhost:3000
20231005	16:47:47	f743646b-c64d-45ce-9671-d2d129d3b0f6	GET	/api/v1/users	http://localhost:3000
20231005	16:48:15	401e48e8-1295-415d-8827-2b7d1e3e5073	GET	/api/v1/users	http://localhost:3000
20231005	16:59:53	e98479ba-8b1f-4fe7-83d0-e49c63127f23	GET	/api/v1/users	http://localhost:3000
20231005	17:05:32	22cfcd3b-8530-4064-bbe6-e8604e4cb5f8	GET	/api/v1/users	http://localhost:3000
20231005	17:06:29	e49a9f61-da54-4ccf-a428-8030916dcb0a	GET	/api/v1/users	http://localhost:3000
20231005	17:07:37	d76b55de-a007-4e87-9e8c-0fc4c199bc16	GET	/api/v1/users	http://localhost:3000
20231005	17:07:57	e4f70298-1cd9-4c0f-94ea-96c9d06916fe	GET	/api/v1/users	http://localhost:3000
20231005	17:09:10	e15b837d-d226-4197-aa94-d674747f0255	GET	/api/v1/users	http://localhost:3000
20231005	17:10:58	468ae4ca-9b7d-49a1-ba72-7cd4424a4c0a	GET	/api/v1/users	http://localhost:3000
20231005	17:19:57	5d1ba4e7-2460-4666-bfbc-822776b1c8af	GET	/api/v1/users	http://localhost:3000
20231005	17:20:53	ce7be880-9d9a-405f-a960-6e5f1f8b61b3	GET	/api/v1/users	http://localhost:3000
20231005	17:21:08	1eafd764-5f80-46ac-b674-b232ae2ff6d7	GET	/api/v1/users	http://localhost:3000
20231005	17:24:51	ce4d4e13-b557-4841-8fb0-dc0914827f75	GET	/api/v1/users	http://localhost:3000
20231005	17:25:15	d8bf72f5-1678-4c1e-9e94-3be6231d708a	OPTIONS	/api/v1/users	http://localhost:3000
20231005	17:25:15	15fc6389-8287-42d8-b813-0980a184f7c9	PATCH	/api/v1/users	http://localhost:3000
20231005	17:25:15	3d446047-94c7-4d9f-9d2e-7e850978508a	GET	/api/v1/users	http://localhost:3000
20231005	17:25:25	462214e8-9658-4c76-bdbe-8be6b64cc60e	OPTIONS	/api/v1/users	http://localhost:3000
20231005	17:25:25	6dc30647-39b0-494d-93a7-3137898d411e	PATCH	/api/v1/users	http://localhost:3000
20231005	17:25:25	86dcbc5c-7be4-462a-8505-61f2e435c7e6	GET	/api/v1/users	http://localhost:3000
20231005	17:25:38	a9164aba-b5cb-4c09-9d8f-37677deb4ac0	OPTIONS	/api/v1/users	http://localhost:3000
20231005	17:25:38	dba9983a-3ed6-41bd-94b4-dd344565a316	PATCH	/api/v1/users	http://localhost:3000
20231005	17:25:38	56e6e022-f733-4164-8578-ef5d4e45c86d	GET	/api/v1/users	http://localhost:3000
20231005	17:32:51	2cfea756-f9b3-487b-b64c-dee9f78b0042	OPTIONS	/api/v1/users	http://localhost:3000
20231005	17:32:51	475763f5-192a-42c1-b135-9f2d15987388	DELETE	/api/v1/users	http://localhost:3000
20231005	17:32:51	7d418ae2-c42d-471d-bc6b-487584c7ef80	GET	/api/v1/users	http://localhost:3000
